unityLibrary/build/intermediates/manifest_merge_blame_file/debug/manifest-merger-blame-debug-report.txt
1<?xml version="1.0" encoding="utf-8"?>
2<manifest xmlns:android="http://schemas.android.com/apk/res/android"
3    xmlns:tools="http://schemas.android.com/tools"
4    package="com.unity3d.player"
5    android:versionCode="1"
6    android:versionName="1.0" >
7
8    <uses-sdk
9        android:minSdkVersion="22"
9-->src\main\AndroidManifest.xml
10        android:targetSdkVersion="30" />
10-->src\main\AndroidManifest.xml
11
12    <uses-feature android:glEsVersion="0x00020000" />
12-->src\main\AndroidManifest.xml:19:3-52
12-->src\main\AndroidManifest.xml:19:17-49
13
14    <uses-permission android:name="android.permission.INTERNET" />
14-->src\main\AndroidManifest.xml:20:3-65
14-->src\main\AndroidManifest.xml:20:20-62
15    <uses-permission android:name="android.permission.ACCESS_NETWORK_STATE" />
15-->src\main\AndroidManifest.xml:21:3-77
15-->src\main\AndroidManifest.xml:21:20-74
16
17    <uses-feature
17-->src\main\AndroidManifest.xml:22:3-88
18        android:name="android.hardware.touchscreen"
18-->src\main\AndroidManifest.xml:22:17-60
19        android:required="false" />
19-->src\main\AndroidManifest.xml:22:61-85
20    <uses-feature
20-->src\main\AndroidManifest.xml:23:3-99
21        android:name="android.hardware.touchscreen.multitouch"
21-->src\main\AndroidManifest.xml:23:17-71
22        android:required="false" />
22-->src\main\AndroidManifest.xml:23:72-96
23    <uses-feature
23-->src\main\AndroidManifest.xml:24:3-108
24        android:name="android.hardware.touchscreen.multitouch.distinct"
24-->src\main\AndroidManifest.xml:24:17-80
25        android:required="false" />
25-->src\main\AndroidManifest.xml:24:81-105
26
27    <application
27-->src\main\AndroidManifest.xml:3:3-18:17
28        android:extractNativeLibs="true"
28-->src\main\AndroidManifest.xml:3:16-48
29        android:isGame="true" >
29-->src\main\AndroidManifest.xml:3:49-70
30        <activity
30-->src\main\AndroidManifest.xml:4:5-12:16
31            android:name="com.unity3d.player.UnityPlayerActivity"
31-->src\main\AndroidManifest.xml:4:15-68
32            android:configChanges="mcc|mnc|locale|touchscreen|keyboard|keyboardHidden|navigation|orientation|screenLayout|uiMode|screenSize|smallestScreenSize|fontScale|layoutDirection|density"
32-->src\main\AndroidManifest.xml:4:180-361
33            android:hardwareAccelerated="false"
33-->src\main\AndroidManifest.xml:4:397-432
34            android:launchMode="singleTask"
34-->src\main\AndroidManifest.xml:4:148-179
35            android:resizeableActivity="false"
35-->src\main\AndroidManifest.xml:4:362-396
36            android:screenOrientation="fullUser"
36-->src\main\AndroidManifest.xml:4:111-147
37            android:theme="@style/UnityThemeSelector" >
37-->src\main\AndroidManifest.xml:4:69-110
38            <intent-filter>
38-->src\main\AndroidManifest.xml:5:7-9:23
39                <action android:name="android.intent.action.MAIN" />
39-->src\main\AndroidManifest.xml:6:9-61
39-->src\main\AndroidManifest.xml:6:17-58
40
41                <category android:name="android.intent.category.LAUNCHER" />
41-->src\main\AndroidManifest.xml:7:9-69
41-->src\main\AndroidManifest.xml:7:19-66
42                <category android:name="android.intent.category.LEANBACK_LAUNCHER" />
42-->src\main\AndroidManifest.xml:8:9-78
42-->src\main\AndroidManifest.xml:8:19-75
43            </intent-filter>
44
45            <meta-data
45-->src\main\AndroidManifest.xml:10:7-82
46                android:name="unityplayer.UnityActivity"
46-->src\main\AndroidManifest.xml:10:18-58
47                android:value="true" />
47-->src\main\AndroidManifest.xml:10:59-79
48            <meta-data
48-->src\main\AndroidManifest.xml:11:7-78
49                android:name="android.notch_support"
49-->src\main\AndroidManifest.xml:11:18-54
50                android:value="true" />
50-->src\main\AndroidManifest.xml:11:55-75
51        </activity>
52
53        <meta-data
53-->src\main\AndroidManifest.xml:13:5-69
54            android:name="unity.splash-mode"
54-->src\main\AndroidManifest.xml:13:16-48
55            android:value="0" />
55-->src\main\AndroidManifest.xml:13:49-66
56        <meta-data
56-->src\main\AndroidManifest.xml:14:5-74
57            android:name="unity.splash-enable"
57-->src\main\AndroidManifest.xml:14:16-50
58            android:value="True" />
58-->src\main\AndroidManifest.xml:14:51-71
59        <meta-data
59-->src\main\AndroidManifest.xml:15:5-78
60            android:name="unity.launch-fullscreen"
60-->src\main\AndroidManifest.xml:15:16-54
61            android:value="True" />
61-->src\main\AndroidManifest.xml:15:55-75
62        <meta-data
62-->src\main\AndroidManifest.xml:16:5-84
63            android:name="unity.allow-resizable-window"
63-->src\main\AndroidManifest.xml:16:16-59
64            android:value="False" />
64-->src\main\AndroidManifest.xml:16:60-81
65        <meta-data
65-->src\main\AndroidManifest.xml:17:5-81
66            android:name="notch.config"
66-->src\main\AndroidManifest.xml:17:16-43
67            android:value="portrait|landscape" />
67-->src\main\AndroidManifest.xml:17:44-78
68    </application>
69
70</manifest>